#
# There is insufficient memory for the Java Runtime Environment to continue.
# Native memory allocation (mmap) failed to map 524288000 bytes for G1 virtual space
# Possible reasons:
#   The system is out of physical RAM or swap space
#   The process is running with CompressedOops enabled, and the Java Heap may be blocking the growth of the native heap
# Possible solutions:
#   Reduce memory load on the system
#   Increase physical memory or swap space
#   Check if swap backing store is full
#   Decrease Java heap size (-Xmx/-Xms)
#   Decrease number of Java threads
#   Decrease Java thread stack sizes (-Xss)
#   Set larger code cache with -XX:ReservedCodeCacheSize=
#   JVM is running with Zero Based Compressed Oops mode in which the Java heap is
#     placed in the first 32GB address space. The Java Heap base address is the
#     maximum limit for the native heap growth. Please use -XX:HeapBaseMinAddress
#     to set the Java Heap base and to place the Java Heap above 32GB virtual address.
# This output file may be truncated or incomplete.
#
#  Out of Memory Error (os_windows.cpp:3825), pid=11956, tid=123508
#
# JRE version:  (17.0.10+1) (build )
# Java VM: OpenJDK 64-Bit Server VM (17.0.10+1-b1087.17, mixed mode, sharing, tiered, compressed oops, compressed class ptrs, g1 gc, windows-amd64)
# No core dump will be written. Minidumps are not enabled by default on client versions of Windows
#

---------------  S U M M A R Y ------------

Command Line: git4idea.http.GitAskPassApp Username for 'https://github.com': 

Host: AMD Ryzen 9 7950X 16-Core Processor            , 32 cores, 31G,  Windows 11 , 64 bit Build 22621 (10.0.22621.3527)
Time: Wed Jun  5 14:42:51 2024 Pacific Daylight Time elapsed time: 0.005806 seconds (0d 0h 0m 0s)

---------------  T H R E A D  ---------------

Current thread (0x000001d6927c2520):  JavaThread "Unknown thread" [_thread_in_vm, id=123508, stack(0x000000aff0e00000,0x000000aff0f00000)]

Stack: [0x000000aff0e00000,0x000000aff0f00000]
Native frames: (J=compiled Java code, j=interpreted, Vv=VM code, C=native code)
V  [jvm.dll+0x688ac9]
V  [jvm.dll+0x84220a]
V  [jvm.dll+0x843e4e]
V  [jvm.dll+0x8444b3]
V  [jvm.dll+0x24ba8f]
V  [jvm.dll+0x685899]
V  [jvm.dll+0x67a14a]
V  [jvm.dll+0x30c7eb]
V  [jvm.dll+0x313c96]
V  [jvm.dll+0x363a2e]
V  [jvm.dll+0x363c5f]
V  [jvm.dll+0x2e25b8]
V  [jvm.dll+0x2e3524]
V  [jvm.dll+0x812d71]
V  [jvm.dll+0x3718e1]
V  [jvm.dll+0x7f18d6]
V  [jvm.dll+0x3f553f]
V  [jvm.dll+0x3f7171]
C  [jli.dll+0x528f]
C  [ucrtbase.dll+0x29333]
C  [KERNEL32.DLL+0x1257d]
C  [ntdll.dll+0x5aa48]


---------------  P R O C E S S  ---------------

Threads class SMR info:
_java_thread_list=0x00007ffcb3c1ef58, length=0, elements={
}

Java Threads: ( => current thread )

Other Threads:
  0x000001d69282f360 GCTaskThread "GC Thread#0" [stack: 0x000000aff0f00000,0x000000aff1000000] [id=133080]
  0x000001d692840ba0 ConcurrentGCThread "G1 Main Marker" [stack: 0x000000aff1000000,0x000000aff1100000] [id=132348]
  0x000001d692841d60 ConcurrentGCThread "G1 Conc#0" [stack: 0x000000aff1100000,0x000000aff1200000] [id=131280]

[error occurred during error reporting (printing all threads), id 0xc0000005, EXCEPTION_ACCESS_VIOLATION (0xc0000005) at pc=0x00007ffcb33d3187]

VM state: not at safepoint (not fully initialized)

VM Mutex/Monitor currently owned by a thread:  ([mutex/lock_event])
[0x000001d6927bc230] Heap_lock - owner thread: 0x000001d6927c2520

Heap address: 0x000000060dc00000, size: 7972 MB, Compressed Oops mode: Zero based, Oop shift amount: 3

CDS archive(s) mapped at: [0x0000000000000000-0x0000000000000000-0x0000000000000000), size 0, SharedBaseAddress: 0x0000000800000000, ArchiveRelocationMode: 1.
Narrow klass base: 0x0000000000000000, Narrow klass shift: 0, Narrow klass range: 0x0

GC Precious Log:
<Empty>

Heap:
 garbage-first heap   total 0K, used 0K [0x000000060dc00000, 0x0000000800000000)
  region size 4096K, 0 young (0K), 0 survivors (0K)
 Metaspace       used 0K, committed 0K, reserved 0K
  class space    used 0K, committed 0K, reserved 0K

Heap Regions: E=young(eden), S=young(survivor), O=old, HS=humongous(starts), HC=humongous(continues), CS=collection set, F=free, OA=open archive, CA=closed archive, TAMS=top-at-mark-start (previous, next)

Card table byte_map: [0x000001d6a90f0000,0x000001d6aa090000] _byte_map_base: 0x000001d6a6082000

Marking Bits (Prev, Next): (CMBitMap*) 0x000001d6928308a0, (CMBitMap*) 0x000001d6928308e0
 Prev Bits: [0x000001d6ab030000, 0x000001d6b2cc0000)
 Next Bits: [0x000001d6b2cc0000, 0x000001d6ba950000)

GC Heap History (0 events):
No events

Dll operation events (1 events):
Event: 0.004 Loaded shared library C:\Program Files\JetBrains\PyCharm 2023.3.4\jbr\bin\java.dll

Deoptimization events (0 events):
No events

Classes unloaded (0 events):
No events

Classes redefined (0 events):
No events

Internal exceptions (0 events):
No events

VM Operations (0 events):
No events

Events (0 events):
No events


Dynamic libraries:
0x00007ff62d400000 - 0x00007ff62d40a000 	C:\Program Files\JetBrains\PyCharm 2023.3.4\jbr\bin\java.exe
0x00007ffd919d0000 - 0x00007ffd91be7000 	C:\Windows\SYSTEM32\ntdll.dll
0x00007ffd90990000 - 0x00007ffd90a54000 	C:\Windows\System32\KERNEL32.DLL
0x00007ffd8efb0000 - 0x00007ffd8f357000 	C:\Windows\System32\KERNELBASE.dll
0x00007ffd8f3e0000 - 0x00007ffd8f4f1000 	C:\Windows\System32\ucrtbase.dll
0x00007ffd65550000 - 0x00007ffd65567000 	C:\Program Files\JetBrains\PyCharm 2023.3.4\jbr\bin\jli.dll
0x00007ffd91300000 - 0x00007ffd914ae000 	C:\Windows\System32\USER32.dll
0x00007ffd81760000 - 0x00007ffd819f3000 	C:\Windows\WinSxS\amd64_microsoft.windows.common-controls_6595b64144ccf1df_6.0.22621.3527_none_270e469b73872a76\COMCTL32.dll
0x00007ffc9bf20000 - 0x00007ffc9bf3b000 	C:\Program Files\JetBrains\PyCharm 2023.3.4\jbr\bin\VCRUNTIME140.dll
0x00007ffd918e0000 - 0x00007ffd91987000 	C:\Windows\System32\msvcrt.dll
0x00007ffd8ee10000 - 0x00007ffd8ee36000 	C:\Windows\System32\win32u.dll
0x00007ffd90960000 - 0x00007ffd90989000 	C:\Windows\System32\GDI32.dll
0x00007ffd8ecf0000 - 0x00007ffd8ee09000 	C:\Windows\System32\gdi32full.dll
0x00007ffd8f530000 - 0x00007ffd8f5ca000 	C:\Windows\System32\msvcp_win.dll
0x00007ffd90220000 - 0x00007ffd90251000 	C:\Windows\System32\IMM32.DLL
0x00007ffd52dc0000 - 0x00007ffd52dcc000 	C:\Program Files\JetBrains\PyCharm 2023.3.4\jbr\bin\vcruntime140_1.dll
0x00007ffbc9140000 - 0x00007ffbc91cd000 	C:\Program Files\JetBrains\PyCharm 2023.3.4\jbr\bin\msvcp140.dll
0x00007ffcb30e0000 - 0x00007ffcb3d63000 	C:\Program Files\JetBrains\PyCharm 2023.3.4\jbr\bin\server\jvm.dll
0x00007ffd90c20000 - 0x00007ffd90cd2000 	C:\Windows\System32\ADVAPI32.dll
0x00007ffd91540000 - 0x00007ffd915e8000 	C:\Windows\System32\sechost.dll
0x00007ffd8f500000 - 0x00007ffd8f528000 	C:\Windows\System32\bcrypt.dll
0x00007ffd915f0000 - 0x00007ffd91705000 	C:\Windows\System32\RPCRT4.dll
0x00007ffd6dd70000 - 0x00007ffd6dd79000 	C:\Windows\SYSTEM32\WSOCK32.dll
0x00007ffd8db30000 - 0x00007ffd8db7d000 	C:\Windows\SYSTEM32\POWRPROF.dll
0x00007ffd7f510000 - 0x00007ffd7f544000 	C:\Windows\SYSTEM32\WINMM.dll
0x00007ffd902e0000 - 0x00007ffd90351000 	C:\Windows\System32\WS2_32.dll
0x00007ffd86660000 - 0x00007ffd8666a000 	C:\Windows\SYSTEM32\VERSION.dll
0x00007ffd8db10000 - 0x00007ffd8db23000 	C:\Windows\SYSTEM32\UMPDC.dll
0x00007ffd8dd20000 - 0x00007ffd8dd38000 	C:\Windows\SYSTEM32\kernel.appcore.dll
0x00007ffd7c0d0000 - 0x00007ffd7c0da000 	C:\Program Files\JetBrains\PyCharm 2023.3.4\jbr\bin\jimage.dll
0x00007ffd856a0000 - 0x00007ffd858d2000 	C:\Windows\SYSTEM32\DBGHELP.DLL
0x00007ffd90f70000 - 0x00007ffd912f8000 	C:\Windows\System32\combase.dll
0x00007ffd90ce0000 - 0x00007ffd90db7000 	C:\Windows\System32\OLEAUT32.dll
0x00007ffd82070000 - 0x00007ffd820a2000 	C:\Windows\SYSTEM32\dbgcore.DLL
0x00007ffd8f360000 - 0x00007ffd8f3d9000 	C:\Windows\System32\bcryptPrimitives.dll
0x00007ffd7ab30000 - 0x00007ffd7ab55000 	C:\Program Files\JetBrains\PyCharm 2023.3.4\jbr\bin\java.dll

dbghelp: loaded successfully - version: 4.0.5 - missing functions: none
symbol engine: initialized successfully - sym options: 0x614 - pdb path: .;C:\Program Files\JetBrains\PyCharm 2023.3.4\jbr\bin;C:\Windows\SYSTEM32;C:\Windows\WinSxS\amd64_microsoft.windows.common-controls_6595b64144ccf1df_6.0.22621.3527_none_270e469b73872a76;C:\Program Files\JetBrains\PyCharm 2023.3.4\jbr\bin\server

VM Arguments:
java_command: git4idea.http.GitAskPassApp Username for 'https://github.com': 
java_class_path (initial): C:/Program Files/JetBrains/PyCharm 2023.3.4/plugins/vcs-git/lib/git4idea-rt.jar;C:/Program Files/JetBrains/PyCharm 2023.3.4/lib/externalProcess-rt.jar
Launcher Type: SUN_STANDARD

[Global flags]
     intx CICompilerCount                          = 15                                        {product} {ergonomic}
     uint ConcGCThreads                            = 6                                         {product} {ergonomic}
     uint G1ConcRefinementThreads                  = 23                                        {product} {ergonomic}
   size_t G1HeapRegionSize                         = 4194304                                   {product} {ergonomic}
    uintx GCDrainStackTargetSize                   = 64                                        {product} {ergonomic}
   size_t InitialHeapSize                          = 524288000                                 {product} {ergonomic}
   size_t MarkStackSize                            = 4194304                                   {product} {ergonomic}
   size_t MaxHeapSize                              = 8359247872                                {product} {ergonomic}
   size_t MinHeapDeltaBytes                        = 4194304                                   {product} {ergonomic}
   size_t MinHeapSize                              = 8388608                                   {product} {ergonomic}
    uintx NonNMethodCodeHeapSize                   = 8192380                                {pd product} {ergonomic}
    uintx NonProfiledCodeHeapSize                  = 121732930                              {pd product} {ergonomic}
    uintx ProfiledCodeHeapSize                     = 121732930                              {pd product} {ergonomic}
    uintx ReservedCodeCacheSize                    = 251658240                              {pd product} {ergonomic}
     bool SegmentedCodeCache                       = true                                      {product} {ergonomic}
   size_t SoftMaxHeapSize                          = 8359247872                             {manageable} {ergonomic}
     bool UseCompressedClassPointers               = true                           {product lp64_product} {ergonomic}
     bool UseCompressedOops                        = true                           {product lp64_product} {ergonomic}
     bool UseG1GC                                  = true                                      {product} {ergonomic}
     bool UseLargePagesIndividualAllocation        = false                                  {pd product} {ergonomic}

Logging:
Log output configuration:
 #0: stdout all=warning uptime,level,tags
 #1: stderr all=off uptime,level,tags

Environment Variables:
JAVA_HOME=C:\Program Files\Java\jdk-20.0.2
PATH=C:\Program Files\Git\mingw64\libexec\git-core;C:\Program Files\Git\mingw64\libexec\git-core;C:\Program Files\Git\mingw64\bin;C:\Program Files\Git\usr\bin;C:\Users\djcum\bin;C:\Users\djcum\PycharmProjects\trashClassifierPython\.venv\Scripts;C:\Program Files\NVIDIA GPU Computing Toolkit\CUDA\v12.3\bin;C:\Program Files\NVIDIA GPU Computing Toolkit\CUDA\v12.3\libnvvp;C:\Program Files\NVIDIA\CUDNN\v9.1\bin;C:\Program Files\NVIDIA GPU Computing Toolkit\CUDA\v12.5\bin;C:\Program Files\NVIDIA GPU Computing Toolkit\CUDA\v12.5\libnvvp;C:\Python312\Scripts;C:\Python312;C:\Program Files\Common Files\Oracle\Java\javapath;C:\Windows\system32;C:\Windows;C:\Windows\System32\Wbem;C:\Windows\System32\WindowsPowerShell\v1.0;C:\Windows\System32\OpenSSH;C:\Program Files (x86)\NVIDIA Corporation\PhysX\Common;C:\Program Files\Git\cmd;C:\Program Files\Maven\apache-maven-3.9.3\bin;C:\Program Files\Java\jdk-20.0.2\bin;C:\Program Files\nodejs;C:\ProgramData\chocolatey\bin;C:\Program Files\Docker\Docker\resources\bin;C:\Users\djcum\AppData\Roaming\Python\Python312\Scripts;C:\Users\djcum\AppData\Roaming\Python\Python312\Scripts;C:\Program Files\dotnet;C:\Program Files\PowerShell\7;C:\Program Files\Microsoft SQL Server\150\Tools\Binn;C:\Program Files\NVIDIA Corporation\NVIDIA NvDLISR;C:\Program Files\NVIDIA GPU Computing Toolkit\CUDA\v11.x\include;C:\Program Files\NVIDIA GPU Computing Toolkit\CUDA\v11.x\lib\x64;C:\Program Files\Microsoft SQL Server\Client SDK\ODBC\170\Tools\Binn;C:\Program Files (x86)\Windows Kits\10\Windows Performance Toolkit;C:\Program Files\NVIDIA Corporation\Nsight Compute 2023.3.1;C:\Program Files\MySQL\MySQL Shell 8.0\bin;C:\Users\djcum\AppData\Local\Microsoft\WindowsApps;C:\Users\djcum\AppData\Local\GitHubDesktop\bin;C:\Users\djcum\AppData\Local\JetBrains\Toolbox\scripts;C:\Users\djcum\AppData\Roaming\npm;C:\Program Files\JetBrains\PyCharm 2023.3.4\bin;C:\Users\djcum\AppData\Roaming\Python\Python312\Scripts;C:\Users\djcum\.dotnet\tools;C:\Users\djcum\AppData\Local\Prog
USERNAME=djcum
DISPLAY=:0.0
LC_ALL=en_US.UTF-8
TERM=xterm-256color
TMPDIR=C:\Users\djcum\AppData\Local\Temp
OS=Windows_NT
PROCESSOR_IDENTIFIER=AMD64 Family 25 Model 97 Stepping 2, AuthenticAMD
TMP=C:\Users\djcum\AppData\Local\Temp
TEMP=C:\Users\djcum\AppData\Local\Temp



Periodic native trim disabled

JNI global refs:
JNI global refs: 0, weak refs: 0

JNI global refs memory usage: 0, weak refs: 0

OOME stack traces (most recent first):
Classloader memory used:


---------------  S Y S T E M  ---------------

OS:
 Windows 11 , 64 bit Build 22621 (10.0.22621.3527)
OS uptime: 2 days 2:16 hours
Hyper-V role detected

CPU: total 32 (initial active 32) (32 cores per cpu, 2 threads per core) family 25 model 97 stepping 2 microcode 0x0, cx8, cmov, fxsr, ht, mmx, 3dnowpref, sse, sse2, sse3, ssse3, sse4a, sse4.1, sse4.2, popcnt, lzcnt, tsc, tscinvbit, avx, avx2, aes, erms, clmul, bmi1, bmi2, adx, avx512f, avx512dq, avx512cd, avx512bw, avx512vl, sha, fma, vzeroupper, avx512_vpopcntdq, avx512_vpclmulqdq, avx512_vaes, avx512_vnni, clflush, clflushopt, avx512_vbmi2, avx512_vbmi, hv
Processor Information for all 32 processors :
  Max Mhz: 4501, Current Mhz: 4501, Mhz Limit: 4501

Memory: 4k page, system-wide physical 31885M (11587M free)
TotalPageFile size 130189M (AvailPageFile size 186M)
current process WorkingSet (physical memory assigned to process): 11M, peak: 11M
current process commit charge ("private bytes"): 92M, peak: 592M

vm_info: OpenJDK 64-Bit Server VM (17.0.10+1-b1087.17) for windows-amd64 JRE (17.0.10+1-b1087.17), built on 2024-01-19 by "builduser" with MS VC++ 16.10 / 16.11 (VS2019)

END.
